Run_ID: clean-run-20260419T190511
Step: reset
Start_Time: 2026-04-19T19:05:37+00:00
Workspace: /opt/subumbra/temp/subumbra-clean-run-1b80xJ
---
NOTICE: restored .env.bootstrap from .env.bootstrap_bak
time="2026-04-19T19:05:38Z" level=warning msg="a network with name subumbra_internal exists but was not created for project \"subumbra-clean-run\".\nSet `external: true` to use an existing network"
 Container subumbra-keys Creating 
 Container subumbra-keys Created 
 Container subumbra-proxy Creating 
 Container subumbra-ui Creating 
 Container subumbra-ui Created 
 Container subumbra-proxy Created 
 Container subumbra-keys Starting 
 Container subumbra-keys Started 
 Container subumbra-keys Waiting 
 Container subumbra-keys Waiting 
 Container subumbra-keys Healthy 
 Container subumbra-proxy Starting 
 Container subumbra-keys Healthy 
 Container subumbra-ui Starting 
 Container subumbra-ui Started 
 Container subumbra-proxy Started 
Checking for token drift in running containers...
No token drift detected.
